Using pre-set license
Built from '2021.1/staging' branch; Version is '2021.1.13f1 (a03098edbbe0) revision 10498200'; Using compiler version '192528614'; Build Type 'Release'
OS: 'Windows 10 Pro; OS build 19044.1586; Version 2009; 64bit' Language: 'fr' Physical Memory: 32720 MB
BatchMode: 1, IsHumanControllingUs: 0, StartBugReporterOnCrash: 0, Is64bit: 1, IsPro: 0

 COMMAND LINE ARGUMENTS:
C:\Program Files\Unity 2021.1.13f1\Editor\Unity.exe
-adb2
-batchMode
-noUpm
-name
AssetImportWorker0
-projectPath
C:/Users/xavie/Documents/GitHub/BOUCHARD_XAVIER_TP2-Tower_Defense
-logFile
Logs/AssetImportWorker0.log
-srvPort
57867
Successfully changed project path to: C:/Users/xavie/Documents/GitHub/BOUCHARD_XAVIER_TP2-Tower_Defense
C:/Users/xavie/Documents/GitHub/BOUCHARD_XAVIER_TP2-Tower_Defense
Using Asset Import Pipeline V2.
Refreshing native plugins compatible for Editor in 114.46 ms, found 3 plugins.
Preloading 0 native plugins for Editor in 0.00 ms.
Initialize engine version: 2021.1.13f1 (a03098edbbe0)
[Subsystems] Discovering subsystems at path C:/Program Files/Unity 2021.1.13f1/Editor/Data/Resources/UnitySubsystems
[Subsystems] Discovering subsystems at path C:/Users/xavie/Documents/GitHub/BOUCHARD_XAVIER_TP2-Tower_Defense/Assets
GfxDevice: creating device client; threaded=0; jobified=0
Direct3D:
    Version:  Direct3D 11.0 [level 11.1]
    Renderer: NVIDIA GeForce GTX 1660 Ti (ID=0x2182)
    Vendor:   NVIDIA
    VRAM:     5991 MB
    Driver:   30.0.14.9649
Initialize mono
Mono path[0] = 'C:/Program Files/Unity 2021.1.13f1/Editor/Data/Managed'
Mono path[1] = 'C:/Program Files/Unity 2021.1.13f1/Editor/Data/MonoBleedingEdge/lib/mono/unityjit'
Mono config path = 'C:/Program Files/Unity 2021.1.13f1/Editor/Data/MonoBleedingEdge/etc'
Using monoOptions --debugger-agent=transport=dt_socket,embedding=1,server=y,suspend=n,address=127.0.0.1:56568
Begin MonoManager ReloadAssembly
Registering precompiled unity dll's ...
Register platform support module: C:/Program Files/Unity 2021.1.13f1/Editor/Data/PlaybackEngines/WindowsStandaloneSupport/UnityEditor.WindowsStandalone.Extensions.dll
Registered in 0.002772 seconds.
Native extension for WindowsStandalone target not found
Refreshing native plugins compatible for Editor in 113.17 ms, found 3 plugins.
Preloading 0 native plugins for Editor in 0.00 ms.
Mono: successfully reloaded assembly
- Completed reload, in  1.417 seconds
Domain Reload Profiling:
	ReloadAssembly (1418ms)
		BeginReloadAssembly (61ms)
			ExecutionOrderSort (0ms)
			DisableScriptedObjects (0ms)
			BackupInstance (0ms)
			ReleaseScriptingObjects (0ms)
			CreateAndSetChildDomain (1ms)
		EndReloadAssembly (577ms)
			LoadAssemblies (57ms)
			RebuildTransferFunctionScriptingTraits (0ms)
			SetupTypeCache (214ms)
			ReleaseScriptCaches (0ms)
			RebuildScriptCaches (33ms)
			SetupLoadedEditorAssemblies (276ms)
				LogAssemblyErrors (0ms)
				InitializePlatformSupportModulesInManaged (9ms)
				SetLoadedEditorAssemblies (0ms)
				RefreshPlugins (113ms)
				BeforeProcessingInitializeOnLoad (1ms)
				ProcessInitializeOnLoadAttributes (119ms)
				ProcessInitializeOnLoadMethodAttributes (33ms)
				AfterProcessingInitializeOnLoad (0ms)
				EditorAssembliesLoaded (0ms)
			ExecutionOrderSort2 (0ms)
			AwakeInstancesAfterBackupRestoration (0ms)
Platform modules already initialized, skipping
Registering precompiled user dll's ...
Registered in 0.007300 seconds.
Begin MonoManager ReloadAssembly
Symbol file LoadedFromMemory doesn't match image C:\Users\xavie\Documents\GitHub\BOUCHARD_XAVIER_TP2-Tower_Defense\Library\PackageCache\com.unity.visualscripting@1.6.1\Editor\VisualScripting.Core\Dependencies\YamlDotNet\Unity.VisualScripting.YamlDotNet.dll
Symbol file LoadedFromMemory doesn't match image C:\Users\xavie\Documents\GitHub\BOUCHARD_XAVIER_TP2-Tower_Defense\Library\PackageCache\com.unity.visualscripting@1.6.1\Editor\VisualScripting.Core\Dependencies\DotNetZip\Unity.VisualScripting.IonicZip.dll
Native extension for WindowsStandalone target not found
Refreshing native plugins compatible for Editor in 0.82 ms, found 3 plugins.
Preloading 0 native plugins for Editor in 0.00 ms.
Mono: successfully reloaded assembly
- Completed reload, in  1.231 seconds
Domain Reload Profiling:
	ReloadAssembly (1232ms)
		BeginReloadAssembly (168ms)
			ExecutionOrderSort (0ms)
			DisableScriptedObjects (5ms)
			BackupInstance (0ms)
			ReleaseScriptingObjects (0ms)
			CreateAndSetChildDomain (24ms)
		EndReloadAssembly (997ms)
			LoadAssemblies (98ms)
			RebuildTransferFunctionScriptingTraits (0ms)
			SetupTypeCache (378ms)
			ReleaseScriptCaches (1ms)
			RebuildScriptCaches (55ms)
			SetupLoadedEditorAssemblies (360ms)
				LogAssemblyErrors (0ms)
				InitializePlatformSupportModulesInManaged (6ms)
				SetLoadedEditorAssemblies (0ms)
				RefreshPlugins (1ms)
				BeforeProcessingInitializeOnLoad (79ms)
				ProcessInitializeOnLoadAttributes (260ms)
				ProcessInitializeOnLoadMethodAttributes (5ms)
				AfterProcessingInitializeOnLoad (8ms)
				EditorAssembliesLoaded (1ms)
			ExecutionOrderSort2 (0ms)
			AwakeInstancesAfterBackupRestoration (7ms)
Platform modules already initialized, skipping
========================================================================
Worker process is ready to serve import requests
Launched and connected shader compiler UnityShaderCompiler.exe after 0.06 seconds
Refreshing native plugins compatible for Editor in 0.72 ms, found 3 plugins.
Preloading 0 native plugins for Editor in 0.00 ms.
Unloading 3112 Unused Serialized files (Serialized files now loaded: 0)
System memory in use before: 251.0 MB.
System memory in use after: 251.0 MB.

Unloading 23 unused Assets to reduce memory usage. Loaded Objects now: 3578.
Total: 2.860900 ms (FindLiveObjects: 0.234700 ms CreateObjectMapping: 0.154700 ms MarkObjects: 2.244500 ms  DeleteObjects: 0.226000 ms)

AssetImportParameters requested are different than current active one (requested -> active):
  custom:framework-win-MediaFoundation: 216162199b28c13a410421893ffa2e32 -> 
  custom:video-decoder-ogg-theora: a1e56fd34408186e4bbccfd4996cb3dc -> 
  custom:container-muxer-webm: aa71ff27fc2769a1b78a27578f13a17b -> 
  custom:container-demuxer-webm: 4f35f7cbe854078d1ac9338744f61a02 -> 
  custom:container-demuxer-ogg: 62fdf1f143b41e24485cea50d1cbac27 -> 
  custom:video-encoder-webm-vp8: eb34c28f22e8b96e1ab97ce403110664 -> 
  custom:video-decoder-webm-vp8: 9c59270c3fd7afecdb556c50c9e8de78 -> 
  custom:audio-decoder-ogg-vorbis: bf7c407c2cedff20999df2af8eb42d56 -> 
  custom:audio-encoder-webm-vorbis: bf7c407c2cedff20999df2af8eb42d56 -> 
========================================================================
Received Import Request.
  path: Assets/Prefabs/Towers/Tower Base.prefab
  artifactKey: Guid(a78c0313784df05438fa374d0a3bb481) Importer(815301076,1909f56bfc062723c751e8b465ee728b)
Start importing Assets/Prefabs/Towers/Tower Base.prefab using Guid(a78c0313784df05438fa374d0a3bb481) Importer(815301076,1909f56bfc062723c751e8b465ee728b)  -> (artifact id: '06761ee98fbe713164fc72b48b90645e') in 0.201987 seconds 
========================================================================
Received Import Request.
  Time since last request: 6.680766 seconds.
  path: Assets/Prefabs/Towers/Tower Base.prefab
  artifactKey: Guid(a78c0313784df05438fa374d0a3bb481) Importer(815301076,1909f56bfc062723c751e8b465ee728b)
Start importing Assets/Prefabs/Towers/Tower Base.prefab using Guid(a78c0313784df05438fa374d0a3bb481) Importer(815301076,1909f56bfc062723c751e8b465ee728b)  -> (artifact id: '488162dd6df9937330c5fd7e5438cb48') in 0.051220 seconds 
========================================================================
Received Import Request.
  Time since last request: 7.213535 seconds.
  path: Assets/Prefabs/Towers/Tower Base.prefab
  artifactKey: Guid(a78c0313784df05438fa374d0a3bb481) Importer(815301076,1909f56bfc062723c751e8b465ee728b)
Start importing Assets/Prefabs/Towers/Tower Base.prefab using Guid(a78c0313784df05438fa374d0a3bb481) Importer(815301076,1909f56bfc062723c751e8b465ee728b)  -> (artifact id: 'ce57de275ea0c1a7fe31b9dcfae1a47f') in 0.050482 seconds 
========================================================================
Received Import Request.
  Time since last request: 3.576638 seconds.
  path: Assets/Prefabs/Towers/Tower Base.prefab
  artifactKey: Guid(a78c0313784df05438fa374d0a3bb481) Importer(815301076,1909f56bfc062723c751e8b465ee728b)
Start importing Assets/Prefabs/Towers/Tower Base.prefab using Guid(a78c0313784df05438fa374d0a3bb481) Importer(815301076,1909f56bfc062723c751e8b465ee728b)  -> (artifact id: '4ed76fd61919f4521e3c9de4638da0f8') in 0.046767 seconds 
========================================================================
Received Prepare
Registering precompiled user dll's ...
Registered in 0.007534 seconds.
Begin MonoManager ReloadAssembly
Symbol file LoadedFromMemory doesn't match image C:\Users\xavie\Documents\GitHub\BOUCHARD_XAVIER_TP2-Tower_Defense\Library\PackageCache\com.unity.visualscripting@1.6.1\Editor\VisualScripting.Core\Dependencies\YamlDotNet\Unity.VisualScripting.YamlDotNet.dll
Symbol file LoadedFromMemory doesn't match image C:\Users\xavie\Documents\GitHub\BOUCHARD_XAVIER_TP2-Tower_Defense\Library\PackageCache\com.unity.visualscripting@1.6.1\Editor\VisualScripting.Core\Dependencies\DotNetZip\Unity.VisualScripting.IonicZip.dll
Native extension for WindowsStandalone target not found
Refreshing native plugins compatible for Editor in 0.92 ms, found 3 plugins.
Preloading 0 native plugins for Editor in 0.00 ms.
Mono: successfully reloaded assembly
- Completed reload, in  1.252 seconds
Domain Reload Profiling:
	ReloadAssembly (1252ms)
		BeginReloadAssembly (161ms)
			ExecutionOrderSort (0ms)
			DisableScriptedObjects (5ms)
			BackupInstance (0ms)
			ReleaseScriptingObjects (0ms)
			CreateAndSetChildDomain (50ms)
		EndReloadAssembly (1019ms)
			LoadAssemblies (111ms)
			RebuildTransferFunctionScriptingTraits (0ms)
			SetupTypeCache (392ms)
			ReleaseScriptCaches (1ms)
			RebuildScriptCaches (43ms)
			SetupLoadedEditorAssemblies (366ms)
				LogAssemblyErrors (0ms)
				InitializePlatformSupportModulesInManaged (5ms)
				SetLoadedEditorAssemblies (1ms)
				RefreshPlugins (1ms)
				BeforeProcessingInitializeOnLoad (76ms)
				ProcessInitializeOnLoadAttributes (269ms)
				ProcessInitializeOnLoadMethodAttributes (6ms)
				AfterProcessingInitializeOnLoad (9ms)
				EditorAssembliesLoaded (0ms)
			ExecutionOrderSort2 (0ms)
			AwakeInstancesAfterBackupRestoration (10ms)
Platform modules already initialized, skipping
Refreshing native plugins compatible for Editor in 0.84 ms, found 3 plugins.
Preloading 0 native plugins for Editor in 0.00 ms.
Unloading 3055 Unused Serialized files (Serialized files now loaded: 0)
System memory in use before: 249.4 MB.
System memory in use after: 249.5 MB.

Unloading 20 unused Assets to reduce memory usage. Loaded Objects now: 3588.
Total: 2.839500 ms (FindLiveObjects: 0.246400 ms CreateObjectMapping: 0.236700 ms MarkObjects: 2.190400 ms  DeleteObjects: 0.165200 ms)

AssetImportParameters requested are different than current active one (requested -> active):
  custom:framework-win-MediaFoundation: 216162199b28c13a410421893ffa2e32 -> 
  custom:video-decoder-ogg-theora: a1e56fd34408186e4bbccfd4996cb3dc -> 
  custom:container-muxer-webm: aa71ff27fc2769a1b78a27578f13a17b -> 
  custom:container-demuxer-webm: 4f35f7cbe854078d1ac9338744f61a02 -> 
  custom:container-demuxer-ogg: 62fdf1f143b41e24485cea50d1cbac27 -> 
  custom:video-encoder-webm-vp8: eb34c28f22e8b96e1ab97ce403110664 -> 
  custom:video-decoder-webm-vp8: 9c59270c3fd7afecdb556c50c9e8de78 -> 
  custom:audio-decoder-ogg-vorbis: bf7c407c2cedff20999df2af8eb42d56 -> 
  custom:audio-encoder-webm-vorbis: bf7c407c2cedff20999df2af8eb42d56 -> 
========================================================================
Received Import Request.
  Time since last request: 53.707210 seconds.
  path: Assets/Prefabs/Towers/Tower Cannon.prefab
  artifactKey: Guid(645d30fd6fea1b8478b4bda8b3c962fb) Importer(815301076,1909f56bfc062723c751e8b465ee728b)
Start importing Assets/Prefabs/Towers/Tower Cannon.prefab using Guid(645d30fd6fea1b8478b4bda8b3c962fb) Importer(815301076,1909f56bfc062723c751e8b465ee728b)  -> (artifact id: 'd87b12473e2ad59a43a3cacc122ed987') in 0.175243 seconds 
========================================================================
Received Import Request.
  Time since last request: 8.487689 seconds.
  path: Assets/Prefabs/Towers/Tower Cannon.prefab
  artifactKey: Guid(645d30fd6fea1b8478b4bda8b3c962fb) Importer(815301076,1909f56bfc062723c751e8b465ee728b)
Start importing Assets/Prefabs/Towers/Tower Cannon.prefab using Guid(645d30fd6fea1b8478b4bda8b3c962fb) Importer(815301076,1909f56bfc062723c751e8b465ee728b)  -> (artifact id: '52bb7cab9e874633055c87d98259bcd1') in 0.043733 seconds 
========================================================================
Received Import Request.
  Time since last request: 314.173443 seconds.
  path: Assets/Prefabs/Towers/Tower Base.prefab
  artifactKey: Guid(a78c0313784df05438fa374d0a3bb481) Importer(815301076,1909f56bfc062723c751e8b465ee728b)
Start importing Assets/Prefabs/Towers/Tower Base.prefab using Guid(a78c0313784df05438fa374d0a3bb481) Importer(815301076,1909f56bfc062723c751e8b465ee728b)  -> (artifact id: 'bee455b59a6f5e1b21f4f521958635d0') in 0.052196 seconds 
========================================================================
Received Import Request.
  Time since last request: 15.279168 seconds.
  path: Assets/Prefabs/Towers/Tower Cannon.prefab
  artifactKey: Guid(645d30fd6fea1b8478b4bda8b3c962fb) Importer(815301076,1909f56bfc062723c751e8b465ee728b)
Start importing Assets/Prefabs/Towers/Tower Cannon.prefab using Guid(645d30fd6fea1b8478b4bda8b3c962fb) Importer(815301076,1909f56bfc062723c751e8b465ee728b)  -> (artifact id: '0ace855a3635a7f0d97fd264e4b94d16') in 0.042474 seconds 
========================================================================
Received Import Request.
  Time since last request: 2.581498 seconds.
  path: Assets/Prefabs/Towers/Tower Cannon.prefab
  artifactKey: Guid(645d30fd6fea1b8478b4bda8b3c962fb) Importer(815301076,1909f56bfc062723c751e8b465ee728b)
Start importing Assets/Prefabs/Towers/Tower Cannon.prefab using Guid(645d30fd6fea1b8478b4bda8b3c962fb) Importer(815301076,1909f56bfc062723c751e8b465ee728b)  -> (artifact id: '85c615d5ded1dc0a859e0e88c51b72b3') in 0.043115 seconds 
========================================================================
Received Import Request.
  Time since last request: 2.371251 seconds.
  path: Assets/Prefabs/Towers/Tower Cannon.prefab
  artifactKey: Guid(645d30fd6fea1b8478b4bda8b3c962fb) Importer(815301076,1909f56bfc062723c751e8b465ee728b)
Start importing Assets/Prefabs/Towers/Tower Cannon.prefab using Guid(645d30fd6fea1b8478b4bda8b3c962fb) Importer(815301076,1909f56bfc062723c751e8b465ee728b)  -> (artifact id: '9975b4ae6ee49b92912bd8ea767df98c') in 0.047986 seconds 
========================================================================
Received Import Request.
  Time since last request: 7.823216 seconds.
  path: Assets/Prefabs/Towers/Tower Cannon.prefab
  artifactKey: Guid(645d30fd6fea1b8478b4bda8b3c962fb) Importer(815301076,1909f56bfc062723c751e8b465ee728b)
Start importing Assets/Prefabs/Towers/Tower Cannon.prefab using Guid(645d30fd6fea1b8478b4bda8b3c962fb) Importer(815301076,1909f56bfc062723c751e8b465ee728b)  -> (artifact id: '4edb82a99de0820995010cdd83d4953d') in 0.041274 seconds 
========================================================================
Received Import Request.
  Time since last request: 3.192141 seconds.
  path: Assets/Prefabs/Towers/Tower Cannon.prefab
  artifactKey: Guid(645d30fd6fea1b8478b4bda8b3c962fb) Importer(815301076,1909f56bfc062723c751e8b465ee728b)
Start importing Assets/Prefabs/Towers/Tower Cannon.prefab using Guid(645d30fd6fea1b8478b4bda8b3c962fb) Importer(815301076,1909f56bfc062723c751e8b465ee728b)  -> (artifact id: '0f3a009ed4d0386c85311005ea793efe') in 0.044118 seconds 
========================================================================
Received Import Request.
  Time since last request: 1.352802 seconds.
  path: Assets/Prefabs/Towers/Tower Cannon.prefab
  artifactKey: Guid(645d30fd6fea1b8478b4bda8b3c962fb) Importer(815301076,1909f56bfc062723c751e8b465ee728b)
Start importing Assets/Prefabs/Towers/Tower Cannon.prefab using Guid(645d30fd6fea1b8478b4bda8b3c962fb) Importer(815301076,1909f56bfc062723c751e8b465ee728b)  -> (artifact id: '2b3894b44a040f6b21ec2ae8c2563b07') in 0.045188 seconds 
========================================================================
Received Import Request.
  Time since last request: 2.567036 seconds.
  path: Assets/Prefabs/Towers/Tower Cannon.prefab
  artifactKey: Guid(645d30fd6fea1b8478b4bda8b3c962fb) Importer(815301076,1909f56bfc062723c751e8b465ee728b)
Start importing Assets/Prefabs/Towers/Tower Cannon.prefab using Guid(645d30fd6fea1b8478b4bda8b3c962fb) Importer(815301076,1909f56bfc062723c751e8b465ee728b)  -> (artifact id: '17123545e62e4aef9fc399432406844e') in 0.073233 seconds 
========================================================================
Received Import Request.
  Time since last request: 3.349154 seconds.
  path: Assets/Prefabs/Towers/Tower Cannon.prefab
  artifactKey: Guid(645d30fd6fea1b8478b4bda8b3c962fb) Importer(815301076,1909f56bfc062723c751e8b465ee728b)
Start importing Assets/Prefabs/Towers/Tower Cannon.prefab using Guid(645d30fd6fea1b8478b4bda8b3c962fb) Importer(815301076,1909f56bfc062723c751e8b465ee728b)  -> (artifact id: 'd284bf661ef2c8d23950100b762400c0') in 0.048638 seconds 
========================================================================
Received Import Request.
  Time since last request: 3.383523 seconds.
  path: Assets/Prefabs/Towers/Tower Cannon.prefab
  artifactKey: Guid(645d30fd6fea1b8478b4bda8b3c962fb) Importer(815301076,1909f56bfc062723c751e8b465ee728b)
Start importing Assets/Prefabs/Towers/Tower Cannon.prefab using Guid(645d30fd6fea1b8478b4bda8b3c962fb) Importer(815301076,1909f56bfc062723c751e8b465ee728b)  -> (artifact id: '6d5e6f4e8c5762d4dbe82fdb05e4e0ba') in 0.039801 seconds 
========================================================================
Received Import Request.
  Time since last request: 2.159558 seconds.
  path: Assets/Prefabs/Towers/Tower Cannon.prefab
  artifactKey: Guid(645d30fd6fea1b8478b4bda8b3c962fb) Importer(815301076,1909f56bfc062723c751e8b465ee728b)
Start importing Assets/Prefabs/Towers/Tower Cannon.prefab using Guid(645d30fd6fea1b8478b4bda8b3c962fb) Importer(815301076,1909f56bfc062723c751e8b465ee728b)  -> (artifact id: 'c03d4f39b3fd0197f326123c97cc41f2') in 0.038761 seconds 
========================================================================
Received Import Request.
  Time since last request: 6.400937 seconds.
  path: Assets/Prefabs/Towers/Tower Cannon.prefab
  artifactKey: Guid(645d30fd6fea1b8478b4bda8b3c962fb) Importer(815301076,1909f56bfc062723c751e8b465ee728b)
Start importing Assets/Prefabs/Towers/Tower Cannon.prefab using Guid(645d30fd6fea1b8478b4bda8b3c962fb) Importer(815301076,1909f56bfc062723c751e8b465ee728b)  -> (artifact id: 'eb2c82c728085b0924ce62cbd5ae381a') in 0.039004 seconds 
========================================================================
Received Import Request.
  Time since last request: 12.692321 seconds.
  path: Assets/Prefabs/Towers/Tower Cannon.prefab
  artifactKey: Guid(645d30fd6fea1b8478b4bda8b3c962fb) Importer(815301076,1909f56bfc062723c751e8b465ee728b)
Start importing Assets/Prefabs/Towers/Tower Cannon.prefab using Guid(645d30fd6fea1b8478b4bda8b3c962fb) Importer(815301076,1909f56bfc062723c751e8b465ee728b)  -> (artifact id: 'a490b02161a5fb85d3591eccdef77584') in 0.046857 seconds 
========================================================================
Received Import Request.
  Time since last request: 2.025882 seconds.
  path: Assets/Prefabs/Towers/Tower Cannon.prefab
  artifactKey: Guid(645d30fd6fea1b8478b4bda8b3c962fb) Importer(815301076,1909f56bfc062723c751e8b465ee728b)
Start importing Assets/Prefabs/Towers/Tower Cannon.prefab using Guid(645d30fd6fea1b8478b4bda8b3c962fb) Importer(815301076,1909f56bfc062723c751e8b465ee728b)  -> (artifact id: '9f8f9a4091f8038fc0f819c1f28abbdd') in 0.047130 seconds 
========================================================================
Received Import Request.
  Time since last request: 2.981044 seconds.
  path: Assets/Prefabs/Towers/Tower Cannon.prefab
  artifactKey: Guid(645d30fd6fea1b8478b4bda8b3c962fb) Importer(815301076,1909f56bfc062723c751e8b465ee728b)
Start importing Assets/Prefabs/Towers/Tower Cannon.prefab using Guid(645d30fd6fea1b8478b4bda8b3c962fb) Importer(815301076,1909f56bfc062723c751e8b465ee728b)  -> (artifact id: '41b9274e78add343de0b6d2381448b68') in 0.044829 seconds 
========================================================================
Received Prepare
Registering precompiled user dll's ...
Registered in 0.008208 seconds.
Begin MonoManager ReloadAssembly
Symbol file LoadedFromMemory doesn't match image C:\Users\xavie\Documents\GitHub\BOUCHARD_XAVIER_TP2-Tower_Defense\Library\PackageCache\com.unity.visualscripting@1.6.1\Editor\VisualScripting.Core\Dependencies\YamlDotNet\Unity.VisualScripting.YamlDotNet.dll
Symbol file LoadedFromMemory doesn't match image C:\Users\xavie\Documents\GitHub\BOUCHARD_XAVIER_TP2-Tower_Defense\Library\PackageCache\com.unity.visualscripting@1.6.1\Editor\VisualScripting.Core\Dependencies\DotNetZip\Unity.VisualScripting.IonicZip.dll
Native extension for WindowsStandalone target not found
Refreshing native plugins compatible for Editor in 1.42 ms, found 3 plugins.
Preloading 0 native plugins for Editor in 0.00 ms.
Mono: successfully reloaded assembly
- Completed reload, in  1.190 seconds
Domain Reload Profiling:
	ReloadAssembly (1190ms)
		BeginReloadAssembly (148ms)
			ExecutionOrderSort (0ms)
			DisableScriptedObjects (6ms)
			BackupInstance (0ms)
			ReleaseScriptingObjects (0ms)
			CreateAndSetChildDomain (48ms)
		EndReloadAssembly (964ms)
			LoadAssemblies (104ms)
			RebuildTransferFunctionScriptingTraits (0ms)
			SetupTypeCache (378ms)
			ReleaseScriptCaches (1ms)
			RebuildScriptCaches (43ms)
			SetupLoadedEditorAssemblies (329ms)
				LogAssemblyErrors (0ms)
				InitializePlatformSupportModulesInManaged (7ms)
				SetLoadedEditorAssemblies (1ms)
				RefreshPlugins (2ms)
				BeforeProcessingInitializeOnLoad (60ms)
				ProcessInitializeOnLoadAttributes (246ms)
				ProcessInitializeOnLoadMethodAttributes (5ms)
				AfterProcessingInitializeOnLoad (9ms)
				EditorAssembliesLoaded (0ms)
			ExecutionOrderSort2 (0ms)
			AwakeInstancesAfterBackupRestoration (9ms)
Platform modules already initialized, skipping
Refreshing native plugins compatible for Editor in 0.78 ms, found 3 plugins.
Preloading 0 native plugins for Editor in 0.00 ms.
Unloading 3055 Unused Serialized files (Serialized files now loaded: 0)
System memory in use before: 249.5 MB.
System memory in use after: 249.6 MB.

Unloading 20 unused Assets to reduce memory usage. Loaded Objects now: 3592.
Total: 3.171000 ms (FindLiveObjects: 0.365800 ms CreateObjectMapping: 0.205100 ms MarkObjects: 2.418600 ms  DeleteObjects: 0.180600 ms)

AssetImportParameters requested are different than current active one (requested -> active):
  custom:framework-win-MediaFoundation: 216162199b28c13a410421893ffa2e32 -> 
  custom:video-decoder-ogg-theora: a1e56fd34408186e4bbccfd4996cb3dc -> 
  custom:container-muxer-webm: aa71ff27fc2769a1b78a27578f13a17b -> 
  custom:container-demuxer-webm: 4f35f7cbe854078d1ac9338744f61a02 -> 
  custom:container-demuxer-ogg: 62fdf1f143b41e24485cea50d1cbac27 -> 
  custom:video-encoder-webm-vp8: eb34c28f22e8b96e1ab97ce403110664 -> 
  custom:video-decoder-webm-vp8: 9c59270c3fd7afecdb556c50c9e8de78 -> 
  custom:audio-decoder-ogg-vorbis: bf7c407c2cedff20999df2af8eb42d56 -> 
  custom:audio-encoder-webm-vorbis: bf7c407c2cedff20999df2af8eb42d56 -> 
========================================================================
Received Import Request.
  Time since last request: 28.735514 seconds.
  path: Assets/Prefabs/Towers/Tower Cannon.prefab
  artifactKey: Guid(645d30fd6fea1b8478b4bda8b3c962fb) Importer(815301076,1909f56bfc062723c751e8b465ee728b)
Start importing Assets/Prefabs/Towers/Tower Cannon.prefab using Guid(645d30fd6fea1b8478b4bda8b3c962fb) Importer(815301076,1909f56bfc062723c751e8b465ee728b)  -> (artifact id: '1bf481673601b4b9abb88464d7db56bf') in 0.177289 seconds 
========================================================================
Received Prepare
Registering precompiled user dll's ...
Registered in 0.009137 seconds.
Begin MonoManager ReloadAssembly
Symbol file LoadedFromMemory doesn't match image C:\Users\xavie\Documents\GitHub\BOUCHARD_XAVIER_TP2-Tower_Defense\Library\PackageCache\com.unity.visualscripting@1.6.1\Editor\VisualScripting.Core\Dependencies\YamlDotNet\Unity.VisualScripting.YamlDotNet.dll
Symbol file LoadedFromMemory doesn't match image C:\Users\xavie\Documents\GitHub\BOUCHARD_XAVIER_TP2-Tower_Defense\Library\PackageCache\com.unity.visualscripting@1.6.1\Editor\VisualScripting.Core\Dependencies\DotNetZip\Unity.VisualScripting.IonicZip.dll
Native extension for WindowsStandalone target not found
Refreshing native plugins compatible for Editor in 0.97 ms, found 3 plugins.
Preloading 0 native plugins for Editor in 0.00 ms.
Mono: successfully reloaded assembly
- Completed reload, in  1.219 seconds
Domain Reload Profiling:
	ReloadAssembly (1219ms)
		BeginReloadAssembly (146ms)
			ExecutionOrderSort (0ms)
			DisableScriptedObjects (5ms)
			BackupInstance (0ms)
			ReleaseScriptingObjects (0ms)
			CreateAndSetChildDomain (45ms)
		EndReloadAssembly (1005ms)
			LoadAssemblies (103ms)
			RebuildTransferFunctionScriptingTraits (0ms)
			SetupTypeCache (410ms)
			ReleaseScriptCaches (1ms)
			RebuildScriptCaches (44ms)
			SetupLoadedEditorAssemblies (340ms)
				LogAssemblyErrors (0ms)
				InitializePlatformSupportModulesInManaged (5ms)
				SetLoadedEditorAssemblies (0ms)
				RefreshPlugins (1ms)
				BeforeProcessingInitializeOnLoad (62ms)
				ProcessInitializeOnLoadAttributes (257ms)
				ProcessInitializeOnLoadMethodAttributes (5ms)
				AfterProcessingInitializeOnLoad (9ms)
				EditorAssembliesLoaded (0ms)
			ExecutionOrderSort2 (0ms)
			AwakeInstancesAfterBackupRestoration (7ms)
Platform modules already initialized, skipping
Refreshing native plugins compatible for Editor in 0.80 ms, found 3 plugins.
Preloading 0 native plugins for Editor in 0.00 ms.
Unloading 3055 Unused Serialized files (Serialized files now loaded: 0)
System memory in use before: 249.6 MB.
System memory in use after: 249.6 MB.

Unloading 20 unused Assets to reduce memory usage. Loaded Objects now: 3596.
Total: 2.792600 ms (FindLiveObjects: 0.262800 ms CreateObjectMapping: 0.318600 ms MarkObjects: 2.037800 ms  DeleteObjects: 0.172700 ms)

AssetImportParameters requested are different than current active one (requested -> active):
  custom:framework-win-MediaFoundation: 216162199b28c13a410421893ffa2e32 -> 
  custom:video-decoder-ogg-theora: a1e56fd34408186e4bbccfd4996cb3dc -> 
  custom:container-muxer-webm: aa71ff27fc2769a1b78a27578f13a17b -> 
  custom:container-demuxer-webm: 4f35f7cbe854078d1ac9338744f61a02 -> 
  custom:container-demuxer-ogg: 62fdf1f143b41e24485cea50d1cbac27 -> 
  custom:video-encoder-webm-vp8: eb34c28f22e8b96e1ab97ce403110664 -> 
  custom:video-decoder-webm-vp8: 9c59270c3fd7afecdb556c50c9e8de78 -> 
  custom:audio-decoder-ogg-vorbis: bf7c407c2cedff20999df2af8eb42d56 -> 
  custom:audio-encoder-webm-vorbis: bf7c407c2cedff20999df2af8eb42d56 -> 
========================================================================
Received Import Request.
  Time since last request: 714.584015 seconds.
  path: Assets/Prefabs/Towers/Tower Gun.prefab
  artifactKey: Guid(2ffad3f4fa47a114e90188853694f138) Importer(815301076,1909f56bfc062723c751e8b465ee728b)
Start importing Assets/Prefabs/Towers/Tower Gun.prefab using Guid(2ffad3f4fa47a114e90188853694f138) Importer(815301076,1909f56bfc062723c751e8b465ee728b)  -> (artifact id: 'ef5b59af578b7c66029f7b81b62b5bb9') in 0.187690 seconds 
========================================================================
Received Import Request.
  Time since last request: 13.628709 seconds.
  path: Assets/Prefabs/Towers/Tower Gun.prefab
  artifactKey: Guid(2ffad3f4fa47a114e90188853694f138) Importer(815301076,1909f56bfc062723c751e8b465ee728b)
Start importing Assets/Prefabs/Towers/Tower Gun.prefab using Guid(2ffad3f4fa47a114e90188853694f138) Importer(815301076,1909f56bfc062723c751e8b465ee728b)  -> (artifact id: '238d2144f28431024d05d4c5c4bf0001') in 0.045440 seconds 
========================================================================
Received Import Request.
  Time since last request: 5.796010 seconds.
  path: Assets/Prefabs/Towers/Tower Gun.prefab
  artifactKey: Guid(2ffad3f4fa47a114e90188853694f138) Importer(815301076,1909f56bfc062723c751e8b465ee728b)
Start importing Assets/Prefabs/Towers/Tower Gun.prefab using Guid(2ffad3f4fa47a114e90188853694f138) Importer(815301076,1909f56bfc062723c751e8b465ee728b)  -> (artifact id: 'db4e90255cc89ca2b3933df5d9e3d4a3') in 0.055665 seconds 
========================================================================
Received Import Request.
  Time since last request: 1.139766 seconds.
  path: Assets/Prefabs/Towers/Tower Gun.prefab
  artifactKey: Guid(2ffad3f4fa47a114e90188853694f138) Importer(815301076,1909f56bfc062723c751e8b465ee728b)
Start importing Assets/Prefabs/Towers/Tower Gun.prefab using Guid(2ffad3f4fa47a114e90188853694f138) Importer(815301076,1909f56bfc062723c751e8b465ee728b)  -> (artifact id: '5b8d9d7c88f5ef01181fe34ef594f9c3') in 0.048885 seconds 
========================================================================
Received Import Request.
  Time since last request: 1.765278 seconds.
  path: Assets/Prefabs/Towers/Tower Gun.prefab
  artifactKey: Guid(2ffad3f4fa47a114e90188853694f138) Importer(815301076,1909f56bfc062723c751e8b465ee728b)
Start importing Assets/Prefabs/Towers/Tower Gun.prefab using Guid(2ffad3f4fa47a114e90188853694f138) Importer(815301076,1909f56bfc062723c751e8b465ee728b)  -> (artifact id: '4b48934520d99edbbd7a80b3f83c6176') in 0.047696 seconds 
========================================================================
Received Import Request.
  Time since last request: 1.971267 seconds.
  path: Assets/Prefabs/Towers/Tower Gun.prefab
  artifactKey: Guid(2ffad3f4fa47a114e90188853694f138) Importer(815301076,1909f56bfc062723c751e8b465ee728b)
Start importing Assets/Prefabs/Towers/Tower Gun.prefab using Guid(2ffad3f4fa47a114e90188853694f138) Importer(815301076,1909f56bfc062723c751e8b465ee728b)  -> (artifact id: '7c36b0df683bdada91ac18b73795e3e6') in 0.042673 seconds 
========================================================================
Received Import Request.
  Time since last request: 19.079705 seconds.
  path: Assets/UniversalIconBronze/Textures/Icons_gray/Sword_02_gray.png
  artifactKey: Guid(20d67b1afaa8e16409e882428599ccfd) Importer(815301076,1909f56bfc062723c751e8b465ee728b)
Start importing Assets/UniversalIconBronze/Textures/Icons_gray/Sword_02_gray.png using Guid(20d67b1afaa8e16409e882428599ccfd) Importer(815301076,1909f56bfc062723c751e8b465ee728b)  -> (artifact id: 'b71d7eb5d0a80a76c98ffe654c69a03d') in 0.101441 seconds 
========================================================================
Received Import Request.
  Time since last request: 0.000266 seconds.
  path: Assets/UniversalIconBronze/Textures/Icons_nobg/Sword_02_Nobg.png
  artifactKey: Guid(a6644683ae5d09344953539d5a5724ff) Importer(815301076,1909f56bfc062723c751e8b465ee728b)
Start importing Assets/UniversalIconBronze/Textures/Icons_nobg/Sword_02_Nobg.png using Guid(a6644683ae5d09344953539d5a5724ff) Importer(815301076,1909f56bfc062723c751e8b465ee728b)  -> (artifact id: '0f6064fd7a08e9d04b2dfedf19093c83') in 0.023552 seconds 
========================================================================
Received Import Request.
  Time since last request: 223.197642 seconds.
  path: Assets/Prefabs/Towers/Tower Gun.prefab
  artifactKey: Guid(2ffad3f4fa47a114e90188853694f138) Importer(815301076,1909f56bfc062723c751e8b465ee728b)
Start importing Assets/Prefabs/Towers/Tower Gun.prefab using Guid(2ffad3f4fa47a114e90188853694f138) Importer(815301076,1909f56bfc062723c751e8b465ee728b)  -> (artifact id: '9dbe6e19a52dae7e5ed864e3c057da54') in 0.043782 seconds 
========================================================================
Received Import Request.
  Time since last request: 4.982541 seconds.
  path: Assets/Prefabs/Towers/Tower Cannon.prefab
  artifactKey: Guid(645d30fd6fea1b8478b4bda8b3c962fb) Importer(815301076,1909f56bfc062723c751e8b465ee728b)
Start importing Assets/Prefabs/Towers/Tower Cannon.prefab using Guid(645d30fd6fea1b8478b4bda8b3c962fb) Importer(815301076,1909f56bfc062723c751e8b465ee728b)  -> (artifact id: '281810dfd8bbc84bf99e490233dfaeaa') in 0.056436 seconds 
========================================================================
Received Import Request.
  Time since last request: 1.961900 seconds.
  path: Assets/Prefabs/Towers/Tower Cannon.prefab
  artifactKey: Guid(645d30fd6fea1b8478b4bda8b3c962fb) Importer(815301076,1909f56bfc062723c751e8b465ee728b)
Start importing Assets/Prefabs/Towers/Tower Cannon.prefab using Guid(645d30fd6fea1b8478b4bda8b3c962fb) Importer(815301076,1909f56bfc062723c751e8b465ee728b)  -> (artifact id: '7bfea72a7e10f5509597c4a1dcad377f') in 0.045170 seconds 
========================================================================
Received Import Request.
  Time since last request: 4.805772 seconds.
  path: Assets/Prefabs/Towers/Tower Slower.prefab
  artifactKey: Guid(1035c85f8ecca2a4fa0a641821929335) Importer(815301076,1909f56bfc062723c751e8b465ee728b)
Start importing Assets/Prefabs/Towers/Tower Slower.prefab using Guid(1035c85f8ecca2a4fa0a641821929335) Importer(815301076,1909f56bfc062723c751e8b465ee728b)  -> (artifact id: '395c0fc212c3a0e58f33591adbc9e482') in 0.044439 seconds 
========================================================================
Received Import Request.
  Time since last request: 0.961979 seconds.
  path: Assets/Prefabs/Towers/Tower Slower.prefab
  artifactKey: Guid(1035c85f8ecca2a4fa0a641821929335) Importer(815301076,1909f56bfc062723c751e8b465ee728b)
Start importing Assets/Prefabs/Towers/Tower Slower.prefab using Guid(1035c85f8ecca2a4fa0a641821929335) Importer(815301076,1909f56bfc062723c751e8b465ee728b)  -> (artifact id: '780ebebe6c6f93450051e7feac4550e7') in 0.046343 seconds 
========================================================================
Received Import Request.
  Time since last request: 6.865886 seconds.
  path: Assets/Prefabs/Towers/Tower Cannon.prefab
  artifactKey: Guid(645d30fd6fea1b8478b4bda8b3c962fb) Importer(815301076,1909f56bfc062723c751e8b465ee728b)
Start importing Assets/Prefabs/Towers/Tower Cannon.prefab using Guid(645d30fd6fea1b8478b4bda8b3c962fb) Importer(815301076,1909f56bfc062723c751e8b465ee728b)  -> (artifact id: 'c419a2509cc63b5e59896ce8e0c4e243') in 0.047828 seconds 
========================================================================
Received Import Request.
  Time since last request: 3.018068 seconds.
  path: Assets/Prefabs/Towers/Tower Cannon.prefab
  artifactKey: Guid(645d30fd6fea1b8478b4bda8b3c962fb) Importer(815301076,1909f56bfc062723c751e8b465ee728b)
Start importing Assets/Prefabs/Towers/Tower Cannon.prefab using Guid(645d30fd6fea1b8478b4bda8b3c962fb) Importer(815301076,1909f56bfc062723c751e8b465ee728b)  -> (artifact id: '74d54a2f07b640e6265b12cb75e0f3cf') in 0.048401 seconds 
========================================================================
Received Import Request.
  Time since last request: 1.997700 seconds.
  path: Assets/Prefabs/Towers/Tower Cannon.prefab
  artifactKey: Guid(645d30fd6fea1b8478b4bda8b3c962fb) Importer(815301076,1909f56bfc062723c751e8b465ee728b)
Start importing Assets/Prefabs/Towers/Tower Cannon.prefab using Guid(645d30fd6fea1b8478b4bda8b3c962fb) Importer(815301076,1909f56bfc062723c751e8b465ee728b)  -> (artifact id: '01084640caa841176f33bbde7163dec2') in 0.052810 seconds 
========================================================================
Received Import Request.
  Time since last request: 1.869976 seconds.
  path: Assets/Prefabs/Towers/Tower Cannon.prefab
  artifactKey: Guid(645d30fd6fea1b8478b4bda8b3c962fb) Importer(815301076,1909f56bfc062723c751e8b465ee728b)
Start importing Assets/Prefabs/Towers/Tower Cannon.prefab using Guid(645d30fd6fea1b8478b4bda8b3c962fb) Importer(815301076,1909f56bfc062723c751e8b465ee728b)  -> (artifact id: 'b92fa9a11868a32053bcc521b8d648c8') in 0.048914 seconds 
========================================================================
Received Import Request.
  Time since last request: 34.354937 seconds.
  path: Assets/Prefabs/Towers/Tower Slower.prefab
  artifactKey: Guid(1035c85f8ecca2a4fa0a641821929335) Importer(815301076,1909f56bfc062723c751e8b465ee728b)
Start importing Assets/Prefabs/Towers/Tower Slower.prefab using Guid(1035c85f8ecca2a4fa0a641821929335) Importer(815301076,1909f56bfc062723c751e8b465ee728b)  -> (artifact id: '27c5a1759c2375795d6eba217dd036d6') in 0.055949 seconds 
========================================================================
Received Import Request.
  Time since last request: 2.422444 seconds.
  path: Assets/Prefabs/Towers/Tower Slower.prefab
  artifactKey: Guid(1035c85f8ecca2a4fa0a641821929335) Importer(815301076,1909f56bfc062723c751e8b465ee728b)
Start importing Assets/Prefabs/Towers/Tower Slower.prefab using Guid(1035c85f8ecca2a4fa0a641821929335) Importer(815301076,1909f56bfc062723c751e8b465ee728b)  -> (artifact id: 'a142464ae047f09c0bb24ff9110545f6') in 0.048409 seconds 
========================================================================
Received Import Request.
  Time since last request: 2.467107 seconds.
  path: Assets/Prefabs/Towers/Tower Slower.prefab
  artifactKey: Guid(1035c85f8ecca2a4fa0a641821929335) Importer(815301076,1909f56bfc062723c751e8b465ee728b)
Start importing Assets/Prefabs/Towers/Tower Slower.prefab using Guid(1035c85f8ecca2a4fa0a641821929335) Importer(815301076,1909f56bfc062723c751e8b465ee728b)  -> (artifact id: 'b8c7a53e7e87af8154e6212727ae7f21') in 0.049270 seconds 
========================================================================
Received Prepare
Registering precompiled user dll's ...
Registered in 0.007803 seconds.
Begin MonoManager ReloadAssembly
Symbol file LoadedFromMemory doesn't match image C:\Users\xavie\Documents\GitHub\BOUCHARD_XAVIER_TP2-Tower_Defense\Library\PackageCache\com.unity.visualscripting@1.6.1\Editor\VisualScripting.Core\Dependencies\YamlDotNet\Unity.VisualScripting.YamlDotNet.dll
Symbol file LoadedFromMemory doesn't match image C:\Users\xavie\Documents\GitHub\BOUCHARD_XAVIER_TP2-Tower_Defense\Library\PackageCache\com.unity.visualscripting@1.6.1\Editor\VisualScripting.Core\Dependencies\DotNetZip\Unity.VisualScripting.IonicZip.dll
Native extension for WindowsStandalone target not found
Refreshing native plugins compatible for Editor in 1.22 ms, found 3 plugins.
Preloading 0 native plugins for Editor in 0.00 ms.
Mono: successfully reloaded assembly
- Completed reload, in  1.300 seconds
Domain Reload Profiling:
	ReloadAssembly (1300ms)
		BeginReloadAssembly (134ms)
			ExecutionOrderSort (0ms)
			DisableScriptedObjects (5ms)
			BackupInstance (0ms)
			ReleaseScriptingObjects (0ms)
			CreateAndSetChildDomain (51ms)
		EndReloadAssembly (1089ms)
			LoadAssemblies (118ms)
			RebuildTransferFunctionScriptingTraits (0ms)
			SetupTypeCache (422ms)
			ReleaseScriptCaches (1ms)
			RebuildScriptCaches (53ms)
			SetupLoadedEditorAssemblies (361ms)
				LogAssemblyErrors (0ms)
				InitializePlatformSupportModulesInManaged (9ms)
				SetLoadedEditorAssemblies (1ms)
				RefreshPlugins (1ms)
				BeforeProcessingInitializeOnLoad (68ms)
				ProcessInitializeOnLoadAttributes (267ms)
				ProcessInitializeOnLoadMethodAttributes (5ms)
				AfterProcessingInitializeOnLoad (10ms)
				EditorAssembliesLoaded (0ms)
			ExecutionOrderSort2 (0ms)
			AwakeInstancesAfterBackupRestoration (15ms)
Platform modules already initialized, skipping
Refreshing native plugins compatible for Editor in 1.01 ms, found 3 plugins.
Preloading 0 native plugins for Editor in 0.00 ms.
Unloading 3057 Unused Serialized files (Serialized files now loaded: 0)
System memory in use before: 250.7 MB.
System memory in use after: 250.7 MB.

Unloading 20 unused Assets to reduce memory usage. Loaded Objects now: 3632.
Total: 3.412500 ms (FindLiveObjects: 0.362800 ms CreateObjectMapping: 0.198200 ms MarkObjects: 2.581100 ms  DeleteObjects: 0.269000 ms)

AssetImportParameters requested are different than current active one (requested -> active):
  custom:framework-win-MediaFoundation: 216162199b28c13a410421893ffa2e32 -> 
  custom:video-decoder-ogg-theora: a1e56fd34408186e4bbccfd4996cb3dc -> 
  custom:container-muxer-webm: aa71ff27fc2769a1b78a27578f13a17b -> 
  custom:container-demuxer-webm: 4f35f7cbe854078d1ac9338744f61a02 -> 
  custom:container-demuxer-ogg: 62fdf1f143b41e24485cea50d1cbac27 -> 
  custom:video-encoder-webm-vp8: eb34c28f22e8b96e1ab97ce403110664 -> 
  custom:video-decoder-webm-vp8: 9c59270c3fd7afecdb556c50c9e8de78 -> 
  custom:audio-decoder-ogg-vorbis: bf7c407c2cedff20999df2af8eb42d56 -> 
  custom:audio-encoder-webm-vorbis: bf7c407c2cedff20999df2af8eb42d56 -> 
========================================================================
Received Import Request.
  Time since last request: 198.858796 seconds.
  path: Assets/Prefabs/Towers/Tower Slower.prefab
  artifactKey: Guid(1035c85f8ecca2a4fa0a641821929335) Importer(815301076,1909f56bfc062723c751e8b465ee728b)
Start importing Assets/Prefabs/Towers/Tower Slower.prefab using Guid(1035c85f8ecca2a4fa0a641821929335) Importer(815301076,1909f56bfc062723c751e8b465ee728b)  -> (artifact id: '0b5b222ad6eb5cf2d14cdf1976d62883') in 0.172474 seconds 
========================================================================
Received Import Request.
  Time since last request: 130.489885 seconds.
  path: Assets/Prefabs/Towers/Tower Cannon.prefab
  artifactKey: Guid(645d30fd6fea1b8478b4bda8b3c962fb) Importer(815301076,1909f56bfc062723c751e8b465ee728b)
Start importing Assets/Prefabs/Towers/Tower Cannon.prefab using Guid(645d30fd6fea1b8478b4bda8b3c962fb) Importer(815301076,1909f56bfc062723c751e8b465ee728b)  -> (artifact id: 'a77d78346ec23b30782a40198f6d6ac7') in 0.047034 seconds 
========================================================================
Received Prepare
Registering precompiled user dll's ...
Registered in 0.008731 seconds.
Begin MonoManager ReloadAssembly
Symbol file LoadedFromMemory doesn't match image C:\Users\xavie\Documents\GitHub\BOUCHARD_XAVIER_TP2-Tower_Defense\Library\PackageCache\com.unity.visualscripting@1.6.1\Editor\VisualScripting.Core\Dependencies\YamlDotNet\Unity.VisualScripting.YamlDotNet.dll
Symbol file LoadedFromMemory doesn't match image C:\Users\xavie\Documents\GitHub\BOUCHARD_XAVIER_TP2-Tower_Defense\Library\PackageCache\com.unity.visualscripting@1.6.1\Editor\VisualScripting.Core\Dependencies\DotNetZip\Unity.VisualScripting.IonicZip.dll
Native extension for WindowsStandalone target not found
Refreshing native plugins compatible for Editor in 1.12 ms, found 3 plugins.
Preloading 0 native plugins for Editor in 0.00 ms.
Mono: successfully reloaded assembly
- Completed reload, in  1.349 seconds
Domain Reload Profiling:
	ReloadAssembly (1349ms)
		BeginReloadAssembly (142ms)
			ExecutionOrderSort (0ms)
			DisableScriptedObjects (6ms)
			BackupInstance (0ms)
			ReleaseScriptingObjects (0ms)
			CreateAndSetChildDomain (47ms)
		EndReloadAssembly (1134ms)
			LoadAssemblies (110ms)
			RebuildTransferFunctionScriptingTraits (0ms)
			SetupTypeCache (425ms)
			ReleaseScriptCaches (1ms)
			RebuildScriptCaches (47ms)
			SetupLoadedEditorAssemblies (420ms)
				LogAssemblyErrors (0ms)
				InitializePlatformSupportModulesInManaged (7ms)
				SetLoadedEditorAssemblies (1ms)
				RefreshPlugins (1ms)
				BeforeProcessingInitializeOnLoad (75ms)
				ProcessInitializeOnLoadAttributes (323ms)
				ProcessInitializeOnLoadMethodAttributes (5ms)
				AfterProcessingInitializeOnLoad (8ms)
				EditorAssembliesLoaded (0ms)
			ExecutionOrderSort2 (0ms)
			AwakeInstancesAfterBackupRestoration (15ms)
Platform modules already initialized, skipping
Refreshing native plugins compatible for Editor in 0.80 ms, found 3 plugins.
Preloading 0 native plugins for Editor in 0.00 ms.
Unloading 3055 Unused Serialized files (Serialized files now loaded: 0)
System memory in use before: 250.6 MB.
System memory in use after: 250.6 MB.

Unloading 20 unused Assets to reduce memory usage. Loaded Objects now: 3636.
Total: 4.450300 ms (FindLiveObjects: 0.401200 ms CreateObjectMapping: 0.280000 ms MarkObjects: 3.606400 ms  DeleteObjects: 0.161300 ms)

AssetImportParameters requested are different than current active one (requested -> active):
  custom:framework-win-MediaFoundation: 216162199b28c13a410421893ffa2e32 -> 
  custom:video-decoder-ogg-theora: a1e56fd34408186e4bbccfd4996cb3dc -> 
  custom:container-muxer-webm: aa71ff27fc2769a1b78a27578f13a17b -> 
  custom:container-demuxer-webm: 4f35f7cbe854078d1ac9338744f61a02 -> 
  custom:container-demuxer-ogg: 62fdf1f143b41e24485cea50d1cbac27 -> 
  custom:video-encoder-webm-vp8: eb34c28f22e8b96e1ab97ce403110664 -> 
  custom:video-decoder-webm-vp8: 9c59270c3fd7afecdb556c50c9e8de78 -> 
  custom:audio-decoder-ogg-vorbis: bf7c407c2cedff20999df2af8eb42d56 -> 
  custom:audio-encoder-webm-vorbis: bf7c407c2cedff20999df2af8eb42d56 -> 
========================================================================
Received Prepare
Registering precompiled user dll's ...
Registered in 0.007196 seconds.
Begin MonoManager ReloadAssembly
Symbol file LoadedFromMemory doesn't match image C:\Users\xavie\Documents\GitHub\BOUCHARD_XAVIER_TP2-Tower_Defense\Library\PackageCache\com.unity.visualscripting@1.6.1\Editor\VisualScripting.Core\Dependencies\YamlDotNet\Unity.VisualScripting.YamlDotNet.dll
Symbol file LoadedFromMemory doesn't match image C:\Users\xavie\Documents\GitHub\BOUCHARD_XAVIER_TP2-Tower_Defense\Library\PackageCache\com.unity.visualscripting@1.6.1\Editor\VisualScripting.Core\Dependencies\DotNetZip\Unity.VisualScripting.IonicZip.dll
Native extension for WindowsStandalone target not found
Refreshing native plugins compatible for Editor in 0.77 ms, found 3 plugins.
Preloading 0 native plugins for Editor in 0.00 ms.
Mono: successfully reloaded assembly
- Completed reload, in  1.315 seconds
Domain Reload Profiling:
	ReloadAssembly (1315ms)
		BeginReloadAssembly (141ms)
			ExecutionOrderSort (0ms)
			DisableScriptedObjects (8ms)
			BackupInstance (0ms)
			ReleaseScriptingObjects (0ms)
			CreateAndSetChildDomain (45ms)
		EndReloadAssembly (1093ms)
			LoadAssemblies (108ms)
			RebuildTransferFunctionScriptingTraits (0ms)
			SetupTypeCache (432ms)
			ReleaseScriptCaches (2ms)
			RebuildScriptCaches (58ms)
			SetupLoadedEditorAssemblies (363ms)
				LogAssemblyErrors (0ms)
				InitializePlatformSupportModulesInManaged (6ms)
				SetLoadedEditorAssemblies (1ms)
				RefreshPlugins (1ms)
				BeforeProcessingInitializeOnLoad (65ms)
				ProcessInitializeOnLoadAttributes (270ms)
				ProcessInitializeOnLoadMethodAttributes (6ms)
				AfterProcessingInitializeOnLoad (14ms)
				EditorAssembliesLoaded (0ms)
			ExecutionOrderSort2 (0ms)
			AwakeInstancesAfterBackupRestoration (15ms)
Platform modules already initialized, skipping
Refreshing native plugins compatible for Editor in 0.75 ms, found 3 plugins.
Preloading 0 native plugins for Editor in 0.00 ms.
Unloading 3055 Unused Serialized files (Serialized files now loaded: 0)
System memory in use before: 250.6 MB.
System memory in use after: 250.7 MB.

Unloading 18 unused Assets to reduce memory usage. Loaded Objects now: 3639.
Total: 3.056700 ms (FindLiveObjects: 0.239600 ms CreateObjectMapping: 0.170700 ms MarkObjects: 2.472900 ms  DeleteObjects: 0.172800 ms)

AssetImportParameters requested are different than current active one (requested -> active):
  custom:framework-win-MediaFoundation: 216162199b28c13a410421893ffa2e32 -> 
  custom:video-decoder-ogg-theora: a1e56fd34408186e4bbccfd4996cb3dc -> 
  custom:container-muxer-webm: aa71ff27fc2769a1b78a27578f13a17b -> 
  custom:container-demuxer-webm: 4f35f7cbe854078d1ac9338744f61a02 -> 
  custom:container-demuxer-ogg: 62fdf1f143b41e24485cea50d1cbac27 -> 
  custom:video-encoder-webm-vp8: eb34c28f22e8b96e1ab97ce403110664 -> 
  custom:video-decoder-webm-vp8: 9c59270c3fd7afecdb556c50c9e8de78 -> 
  custom:audio-decoder-ogg-vorbis: bf7c407c2cedff20999df2af8eb42d56 -> 
  custom:audio-encoder-webm-vorbis: bf7c407c2cedff20999df2af8eb42d56 -> 
========================================================================
Received Import Request.
  Time since last request: 1936.145653 seconds.
  path: Assets/Prefabs/Towers/Tower Cannon.prefab
  artifactKey: Guid(645d30fd6fea1b8478b4bda8b3c962fb) Importer(815301076,1909f56bfc062723c751e8b465ee728b)
Start importing Assets/Prefabs/Towers/Tower Cannon.prefab using Guid(645d30fd6fea1b8478b4bda8b3c962fb) Importer(815301076,1909f56bfc062723c751e8b465ee728b)  -> (artifact id: '9b1d22933aff0f1bbb3aed6b9dd287c3') in 0.175081 seconds 
========================================================================
Received Import Request.
  Time since last request: 0.363109 seconds.
  path: Assets/Prefabs/Towers/Tower Cannon.prefab
  artifactKey: Guid(645d30fd6fea1b8478b4bda8b3c962fb) Importer(815301076,1909f56bfc062723c751e8b465ee728b)
Start importing Assets/Prefabs/Towers/Tower Cannon.prefab using Guid(645d30fd6fea1b8478b4bda8b3c962fb) Importer(815301076,1909f56bfc062723c751e8b465ee728b)  -> (artifact id: '44c1d828fb8ab517af8bcb9962519cd5') in 0.051444 seconds 
========================================================================
Received Import Request.
  Time since last request: 3.171168 seconds.
  path: Assets/Prefabs/Towers/Tower Cannon.prefab
  artifactKey: Guid(645d30fd6fea1b8478b4bda8b3c962fb) Importer(815301076,1909f56bfc062723c751e8b465ee728b)
Start importing Assets/Prefabs/Towers/Tower Cannon.prefab using Guid(645d30fd6fea1b8478b4bda8b3c962fb) Importer(815301076,1909f56bfc062723c751e8b465ee728b)  -> (artifact id: '6a4012afd9263a2df9458764aede1722') in 0.052212 seconds 
========================================================================
Received Import Request.
  Time since last request: 14.296750 seconds.
  path: Assets/Prefabs/Towers/Tower Cannon.prefab
  artifactKey: Guid(645d30fd6fea1b8478b4bda8b3c962fb) Importer(815301076,1909f56bfc062723c751e8b465ee728b)
Start importing Assets/Prefabs/Towers/Tower Cannon.prefab using Guid(645d30fd6fea1b8478b4bda8b3c962fb) Importer(815301076,1909f56bfc062723c751e8b465ee728b)  -> (artifact id: '5040b60fa6b49b45168065087add2bc4') in 0.050514 seconds 
========================================================================
Received Import Request.
  Time since last request: 17.304036 seconds.
  path: Assets/Prefabs/Towers/Tower Cannon.prefab
  artifactKey: Guid(645d30fd6fea1b8478b4bda8b3c962fb) Importer(815301076,1909f56bfc062723c751e8b465ee728b)
Start importing Assets/Prefabs/Towers/Tower Cannon.prefab using Guid(645d30fd6fea1b8478b4bda8b3c962fb) Importer(815301076,1909f56bfc062723c751e8b465ee728b)  -> (artifact id: 'e12e7a1122d52ee884de12d44ce071ab') in 0.045875 seconds 
========================================================================
Received Import Request.
  Time since last request: 12.266064 seconds.
  path: Assets/Prefabs/Towers/Tower Cannon.prefab
  artifactKey: Guid(645d30fd6fea1b8478b4bda8b3c962fb) Importer(815301076,1909f56bfc062723c751e8b465ee728b)
Start importing Assets/Prefabs/Towers/Tower Cannon.prefab using Guid(645d30fd6fea1b8478b4bda8b3c962fb) Importer(815301076,1909f56bfc062723c751e8b465ee728b)  -> (artifact id: 'ad984bf2b9194d574e8c0cb199de38da') in 0.049440 seconds 
========================================================================
Received Import Request.
  Time since last request: 2.567776 seconds.
  path: Assets/Prefabs/Towers/Tower Cannon.prefab
  artifactKey: Guid(645d30fd6fea1b8478b4bda8b3c962fb) Importer(815301076,1909f56bfc062723c751e8b465ee728b)
Start importing Assets/Prefabs/Towers/Tower Cannon.prefab using Guid(645d30fd6fea1b8478b4bda8b3c962fb) Importer(815301076,1909f56bfc062723c751e8b465ee728b)  -> (artifact id: 'f06238d1b6104e39e8a8a1d47dc23713') in 0.047807 seconds 
========================================================================
Received Import Request.
  Time since last request: 13.227253 seconds.
  path: Assets/Prefabs/Towers/Tower Cannon.prefab
  artifactKey: Guid(645d30fd6fea1b8478b4bda8b3c962fb) Importer(815301076,1909f56bfc062723c751e8b465ee728b)
Start importing Assets/Prefabs/Towers/Tower Cannon.prefab using Guid(645d30fd6fea1b8478b4bda8b3c962fb) Importer(815301076,1909f56bfc062723c751e8b465ee728b)  -> (artifact id: 'f22f2d6121bb8d4754f9f48db14a29d9') in 0.053437 seconds 
========================================================================
Received Import Request.
  Time since last request: 14.081875 seconds.
  path: Assets/Prefabs/Towers/Tower Gun.prefab
  artifactKey: Guid(2ffad3f4fa47a114e90188853694f138) Importer(815301076,1909f56bfc062723c751e8b465ee728b)
Start importing Assets/Prefabs/Towers/Tower Gun.prefab using Guid(2ffad3f4fa47a114e90188853694f138) Importer(815301076,1909f56bfc062723c751e8b465ee728b)  -> (artifact id: '306873f4a3333a8bc2a7d5aa2db18657') in 0.056073 seconds 
========================================================================
Received Import Request.
  Time since last request: 2.167542 seconds.
  path: Assets/Prefabs/Towers/Tower Slower.prefab
  artifactKey: Guid(1035c85f8ecca2a4fa0a641821929335) Importer(815301076,1909f56bfc062723c751e8b465ee728b)
Start importing Assets/Prefabs/Towers/Tower Slower.prefab using Guid(1035c85f8ecca2a4fa0a641821929335) Importer(815301076,1909f56bfc062723c751e8b465ee728b)  -> (artifact id: '279c79dd1d728a9414f161b34851f551') in 0.045500 seconds 
========================================================================
Received Import Request.
  Time since last request: 1.550114 seconds.
  path: Assets/Prefabs/Towers/Tower Slower.prefab
  artifactKey: Guid(1035c85f8ecca2a4fa0a641821929335) Importer(815301076,1909f56bfc062723c751e8b465ee728b)
Start importing Assets/Prefabs/Towers/Tower Slower.prefab using Guid(1035c85f8ecca2a4fa0a641821929335) Importer(815301076,1909f56bfc062723c751e8b465ee728b)  -> (artifact id: '02a304a668a675304b490ed1ff9f94e0') in 0.045510 seconds 
========================================================================
Received Import Request.
  Time since last request: 2.788545 seconds.
  path: Assets/Prefabs/Towers/Tower Gun.prefab
  artifactKey: Guid(2ffad3f4fa47a114e90188853694f138) Importer(815301076,1909f56bfc062723c751e8b465ee728b)
Start importing Assets/Prefabs/Towers/Tower Gun.prefab using Guid(2ffad3f4fa47a114e90188853694f138) Importer(815301076,1909f56bfc062723c751e8b465ee728b)  -> (artifact id: '630292ea5c345a230f797e03e6c5d268') in 0.043246 seconds 
========================================================================
Received Import Request.
  Time since last request: 5.008367 seconds.
  path: Assets/Prefabs/Towers/Tower Gun.prefab
  artifactKey: Guid(2ffad3f4fa47a114e90188853694f138) Importer(815301076,1909f56bfc062723c751e8b465ee728b)
Start importing Assets/Prefabs/Towers/Tower Gun.prefab using Guid(2ffad3f4fa47a114e90188853694f138) Importer(815301076,1909f56bfc062723c751e8b465ee728b)  -> (artifact id: 'f08ca7d42b7c4e036c6cae578a796bb2') in 0.046024 seconds 
========================================================================
Received Import Request.
  Time since last request: 5.033748 seconds.
  path: Assets/Prefabs/Towers/Tower Slower.prefab
  artifactKey: Guid(1035c85f8ecca2a4fa0a641821929335) Importer(815301076,1909f56bfc062723c751e8b465ee728b)
Start importing Assets/Prefabs/Towers/Tower Slower.prefab using Guid(1035c85f8ecca2a4fa0a641821929335) Importer(815301076,1909f56bfc062723c751e8b465ee728b)  -> (artifact id: '4c8bda508da85938f1cf7b9790a488b4') in 0.044198 seconds 
========================================================================
Received Import Request.
  Time since last request: 5.004238 seconds.
  path: Assets/Prefabs/Towers/Tower Cannon.prefab
  artifactKey: Guid(645d30fd6fea1b8478b4bda8b3c962fb) Importer(815301076,1909f56bfc062723c751e8b465ee728b)
Start importing Assets/Prefabs/Towers/Tower Cannon.prefab using Guid(645d30fd6fea1b8478b4bda8b3c962fb) Importer(815301076,1909f56bfc062723c751e8b465ee728b)  -> (artifact id: '5d9aca8625a65e98893d79cf6e591aad') in 0.050037 seconds 
========================================================================
Received Import Request.
  Time since last request: 4.359432 seconds.
  path: Assets/Prefabs/Towers/Tower Gun.prefab
  artifactKey: Guid(2ffad3f4fa47a114e90188853694f138) Importer(815301076,1909f56bfc062723c751e8b465ee728b)
Start importing Assets/Prefabs/Towers/Tower Gun.prefab using Guid(2ffad3f4fa47a114e90188853694f138) Importer(815301076,1909f56bfc062723c751e8b465ee728b)  -> (artifact id: '1dd1579eacda9bde3eaa94159447ee14') in 0.055703 seconds 
========================================================================
Received Import Request.
  Time since last request: 4.765314 seconds.
  path: Assets/Prefabs/Towers/Tower Slower.prefab
  artifactKey: Guid(1035c85f8ecca2a4fa0a641821929335) Importer(815301076,1909f56bfc062723c751e8b465ee728b)
Start importing Assets/Prefabs/Towers/Tower Slower.prefab using Guid(1035c85f8ecca2a4fa0a641821929335) Importer(815301076,1909f56bfc062723c751e8b465ee728b)  -> (artifact id: 'e8775e931de102b3203522cd5bc900fe') in 0.051860 seconds 
========================================================================
Received Import Request.
  Time since last request: 81.039074 seconds.
  path: Assets/Prefabs/Towers/Tower Gun.prefab
  artifactKey: Guid(2ffad3f4fa47a114e90188853694f138) Importer(815301076,1909f56bfc062723c751e8b465ee728b)
Start importing Assets/Prefabs/Towers/Tower Gun.prefab using Guid(2ffad3f4fa47a114e90188853694f138) Importer(815301076,1909f56bfc062723c751e8b465ee728b)  -> (artifact id: '0bb3761b8edd142755455e2b90cd039f') in 0.042777 seconds 
========================================================================
Received Import Request.
  Time since last request: 13.989383 seconds.
  path: Assets/Prefabs/Towers/Tower Slower.prefab
  artifactKey: Guid(1035c85f8ecca2a4fa0a641821929335) Importer(815301076,1909f56bfc062723c751e8b465ee728b)
Start importing Assets/Prefabs/Towers/Tower Slower.prefab using Guid(1035c85f8ecca2a4fa0a641821929335) Importer(815301076,1909f56bfc062723c751e8b465ee728b)  -> (artifact id: '0e826d35ea4c70596aef6230d91beda9') in 0.051201 seconds 
========================================================================
Received Import Request.
  Time since last request: 2.997426 seconds.
  path: Assets/Prefabs/Towers/Tower Slower.prefab
  artifactKey: Guid(1035c85f8ecca2a4fa0a641821929335) Importer(815301076,1909f56bfc062723c751e8b465ee728b)
Start importing Assets/Prefabs/Towers/Tower Slower.prefab using Guid(1035c85f8ecca2a4fa0a641821929335) Importer(815301076,1909f56bfc062723c751e8b465ee728b)  -> (artifact id: 'f72b82f923ecd9d9809d35d79c56f6a9') in 0.055354 seconds 
========================================================================
Received Import Request.
  Time since last request: 2.226170 seconds.
  path: Assets/Prefabs/Towers/Tower Slower.prefab
  artifactKey: Guid(1035c85f8ecca2a4fa0a641821929335) Importer(815301076,1909f56bfc062723c751e8b465ee728b)
Start importing Assets/Prefabs/Towers/Tower Slower.prefab using Guid(1035c85f8ecca2a4fa0a641821929335) Importer(815301076,1909f56bfc062723c751e8b465ee728b)  -> (artifact id: '4609c8841ec31c5db12ed92655e4325c') in 0.052462 seconds 
========================================================================
Received Import Request.
  Time since last request: 1.979818 seconds.
  path: Assets/Prefabs/Towers/Tower Slower.prefab
  artifactKey: Guid(1035c85f8ecca2a4fa0a641821929335) Importer(815301076,1909f56bfc062723c751e8b465ee728b)
Start importing Assets/Prefabs/Towers/Tower Slower.prefab using Guid(1035c85f8ecca2a4fa0a641821929335) Importer(815301076,1909f56bfc062723c751e8b465ee728b)  -> (artifact id: '10b22f78ff571a7d1f2d038c6a482c9a') in 0.049412 seconds 
========================================================================
Received Import Request.
  Time since last request: 4.837792 seconds.
  path: Assets/Prefabs/Towers/Tower Slower.prefab
  artifactKey: Guid(1035c85f8ecca2a4fa0a641821929335) Importer(815301076,1909f56bfc062723c751e8b465ee728b)
Start importing Assets/Prefabs/Towers/Tower Slower.prefab using Guid(1035c85f8ecca2a4fa0a641821929335) Importer(815301076,1909f56bfc062723c751e8b465ee728b)  -> (artifact id: '36ba3c217362797bb0966e0a140ad44c') in 0.046873 seconds 
========================================================================
Received Import Request.
  Time since last request: 120.121647 seconds.
  path: Assets/Prefabs/Towers/Tower Slower.prefab
  artifactKey: Guid(1035c85f8ecca2a4fa0a641821929335) Importer(815301076,1909f56bfc062723c751e8b465ee728b)
Start importing Assets/Prefabs/Towers/Tower Slower.prefab using Guid(1035c85f8ecca2a4fa0a641821929335) Importer(815301076,1909f56bfc062723c751e8b465ee728b)  -> (artifact id: '9691cca7eed345127e9d36209e0cc844') in 0.044109 seconds 
========================================================================
Received Prepare
Registering precompiled user dll's ...
Registered in 0.009943 seconds.
Begin MonoManager ReloadAssembly
Symbol file LoadedFromMemory doesn't match image C:\Users\xavie\Documents\GitHub\BOUCHARD_XAVIER_TP2-Tower_Defense\Library\PackageCache\com.unity.visualscripting@1.6.1\Editor\VisualScripting.Core\Dependencies\YamlDotNet\Unity.VisualScripting.YamlDotNet.dll
Symbol file LoadedFromMemory doesn't match image C:\Users\xavie\Documents\GitHub\BOUCHARD_XAVIER_TP2-Tower_Defense\Library\PackageCache\com.unity.visualscripting@1.6.1\Editor\VisualScripting.Core\Dependencies\DotNetZip\Unity.VisualScripting.IonicZip.dll
Native extension for WindowsStandalone target not found
Refreshing native plugins compatible for Editor in 0.94 ms, found 3 plugins.
Preloading 0 native plugins for Editor in 0.00 ms.
Mono: successfully reloaded assembly
- Completed reload, in  1.273 seconds
Domain Reload Profiling:
	ReloadAssembly (1274ms)
		BeginReloadAssembly (133ms)
			ExecutionOrderSort (0ms)
			DisableScriptedObjects (6ms)
			BackupInstance (0ms)
			ReleaseScriptingObjects (0ms)
			CreateAndSetChildDomain (47ms)
		EndReloadAssembly (1065ms)
			LoadAssemblies (149ms)
			RebuildTransferFunctionScriptingTraits (0ms)
			SetupTypeCache (394ms)
			ReleaseScriptCaches (1ms)
			RebuildScriptCaches (44ms)
			SetupLoadedEditorAssemblies (340ms)
				LogAssemblyErrors (0ms)
				InitializePlatformSupportModulesInManaged (5ms)
				SetLoadedEditorAssemblies (0ms)
				RefreshPlugins (1ms)
				BeforeProcessingInitializeOnLoad (63ms)
				ProcessInitializeOnLoadAttributes (255ms)
				ProcessInitializeOnLoadMethodAttributes (7ms)
				AfterProcessingInitializeOnLoad (8ms)
				EditorAssembliesLoaded (0ms)
			ExecutionOrderSort2 (0ms)
			AwakeInstancesAfterBackupRestoration (14ms)
Platform modules already initialized, skipping
Refreshing native plugins compatible for Editor in 0.74 ms, found 3 plugins.
Preloading 0 native plugins for Editor in 0.00 ms.
Unloading 3055 Unused Serialized files (Serialized files now loaded: 0)
System memory in use before: 251.2 MB.
System memory in use after: 251.2 MB.

Unloading 20 unused Assets to reduce memory usage. Loaded Objects now: 3643.
Total: 3.614000 ms (FindLiveObjects: 0.394500 ms CreateObjectMapping: 0.249700 ms MarkObjects: 2.734000 ms  DeleteObjects: 0.234700 ms)

AssetImportParameters requested are different than current active one (requested -> active):
  custom:framework-win-MediaFoundation: 216162199b28c13a410421893ffa2e32 -> 
  custom:video-decoder-ogg-theora: a1e56fd34408186e4bbccfd4996cb3dc -> 
  custom:container-muxer-webm: aa71ff27fc2769a1b78a27578f13a17b -> 
  custom:container-demuxer-webm: 4f35f7cbe854078d1ac9338744f61a02 -> 
  custom:container-demuxer-ogg: 62fdf1f143b41e24485cea50d1cbac27 -> 
  custom:video-encoder-webm-vp8: eb34c28f22e8b96e1ab97ce403110664 -> 
  custom:video-decoder-webm-vp8: 9c59270c3fd7afecdb556c50c9e8de78 -> 
  custom:audio-decoder-ogg-vorbis: bf7c407c2cedff20999df2af8eb42d56 -> 
  custom:audio-encoder-webm-vorbis: bf7c407c2cedff20999df2af8eb42d56 -> 
========================================================================
Received Import Request.
  Time since last request: 1888.166186 seconds.
  path: Assets/Prefabs/Towers/Tower Cannon.prefab
  artifactKey: Guid(645d30fd6fea1b8478b4bda8b3c962fb) Importer(815301076,1909f56bfc062723c751e8b465ee728b)
Start importing Assets/Prefabs/Towers/Tower Cannon.prefab using Guid(645d30fd6fea1b8478b4bda8b3c962fb) Importer(815301076,1909f56bfc062723c751e8b465ee728b)  -> (artifact id: '29228b9be8e5bd78bee3962ba1e1c124') in 0.154360 seconds 
========================================================================
Received Import Request.
  Time since last request: 1.795265 seconds.
  path: Assets/Prefabs/Towers/Tower Cannon.prefab
  artifactKey: Guid(645d30fd6fea1b8478b4bda8b3c962fb) Importer(815301076,1909f56bfc062723c751e8b465ee728b)
Start importing Assets/Prefabs/Towers/Tower Cannon.prefab using Guid(645d30fd6fea1b8478b4bda8b3c962fb) Importer(815301076,1909f56bfc062723c751e8b465ee728b)  -> (artifact id: '5b62b17348c5597e47737ec7e7f07610') in 0.038677 seconds 
========================================================================
Received Import Request.
  Time since last request: 38.171225 seconds.
  path: Assets/Prefabs/Towers/Tower Cannon.prefab
  artifactKey: Guid(645d30fd6fea1b8478b4bda8b3c962fb) Importer(815301076,1909f56bfc062723c751e8b465ee728b)
Start importing Assets/Prefabs/Towers/Tower Cannon.prefab using Guid(645d30fd6fea1b8478b4bda8b3c962fb) Importer(815301076,1909f56bfc062723c751e8b465ee728b)  -> (artifact id: 'b83130257ff9063e9ef346ba57a897a5') in 0.043800 seconds 
========================================================================
Received Import Request.
  Time since last request: 4.972559 seconds.
  path: Assets/Prefabs/Towers/Tower Cannon.prefab
  artifactKey: Guid(645d30fd6fea1b8478b4bda8b3c962fb) Importer(815301076,1909f56bfc062723c751e8b465ee728b)
Start importing Assets/Prefabs/Towers/Tower Cannon.prefab using Guid(645d30fd6fea1b8478b4bda8b3c962fb) Importer(815301076,1909f56bfc062723c751e8b465ee728b)  -> (artifact id: '9a5c814b53b87e6a54275f7489e61122') in 0.039581 seconds 
========================================================================
Received Import Request.
  Time since last request: 4.588709 seconds.
  path: Assets/Prefabs/Towers/Tower Cannon.prefab
  artifactKey: Guid(645d30fd6fea1b8478b4bda8b3c962fb) Importer(815301076,1909f56bfc062723c751e8b465ee728b)
Start importing Assets/Prefabs/Towers/Tower Cannon.prefab using Guid(645d30fd6fea1b8478b4bda8b3c962fb) Importer(815301076,1909f56bfc062723c751e8b465ee728b)  -> (artifact id: '7526948cb743d20351ed65e8069a2dc6') in 0.037429 seconds 
========================================================================
Received Import Request.
  Time since last request: 13.689990 seconds.
  path: Assets/Prefabs/Towers/Tower Cannon.prefab
  artifactKey: Guid(645d30fd6fea1b8478b4bda8b3c962fb) Importer(815301076,1909f56bfc062723c751e8b465ee728b)
Start importing Assets/Prefabs/Towers/Tower Cannon.prefab using Guid(645d30fd6fea1b8478b4bda8b3c962fb) Importer(815301076,1909f56bfc062723c751e8b465ee728b)  -> (artifact id: '7959acee9faa186415741f82bd228ea1') in 0.041109 seconds 
========================================================================
Received Import Request.
  Time since last request: 3.165563 seconds.
  path: Assets/Prefabs/Towers/Tower Cannon.prefab
  artifactKey: Guid(645d30fd6fea1b8478b4bda8b3c962fb) Importer(815301076,1909f56bfc062723c751e8b465ee728b)
Start importing Assets/Prefabs/Towers/Tower Cannon.prefab using Guid(645d30fd6fea1b8478b4bda8b3c962fb) Importer(815301076,1909f56bfc062723c751e8b465ee728b)  -> (artifact id: 'cd500c8a71f6773b0a24b6c38f85a76c') in 0.044699 seconds 
========================================================================
Received Import Request.
  Time since last request: 14.064391 seconds.
  path: Assets/Prefabs/Towers/Tower Cannon.prefab
  artifactKey: Guid(645d30fd6fea1b8478b4bda8b3c962fb) Importer(815301076,1909f56bfc062723c751e8b465ee728b)
Start importing Assets/Prefabs/Towers/Tower Cannon.prefab using Guid(645d30fd6fea1b8478b4bda8b3c962fb) Importer(815301076,1909f56bfc062723c751e8b465ee728b)  -> (artifact id: '061904ccb0a9c5fe5f2f23d2d2435cce') in 0.037346 seconds 
========================================================================
Received Prepare
Registering precompiled user dll's ...
Registered in 0.007416 seconds.
Begin MonoManager ReloadAssembly
Symbol file LoadedFromMemory doesn't match image C:\Users\xavie\Documents\GitHub\BOUCHARD_XAVIER_TP2-Tower_Defense\Library\PackageCache\com.unity.visualscripting@1.6.1\Editor\VisualScripting.Core\Dependencies\YamlDotNet\Unity.VisualScripting.YamlDotNet.dll
Symbol file LoadedFromMemory doesn't match image C:\Users\xavie\Documents\GitHub\BOUCHARD_XAVIER_TP2-Tower_Defense\Library\PackageCache\com.unity.visualscripting@1.6.1\Editor\VisualScripting.Core\Dependencies\DotNetZip\Unity.VisualScripting.IonicZip.dll
Native extension for WindowsStandalone target not found
Refreshing native plugins compatible for Editor in 0.76 ms, found 3 plugins.
Preloading 0 native plugins for Editor in 0.00 ms.
Mono: successfully reloaded assembly
- Completed reload, in  1.065 seconds
Domain Reload Profiling:
	ReloadAssembly (1065ms)
		BeginReloadAssembly (115ms)
			ExecutionOrderSort (0ms)
			DisableScriptedObjects (6ms)
			BackupInstance (0ms)
			ReleaseScriptingObjects (0ms)
			CreateAndSetChildDomain (40ms)
		EndReloadAssembly (881ms)
			LoadAssemblies (93ms)
			RebuildTransferFunctionScriptingTraits (0ms)
			SetupTypeCache (351ms)
			ReleaseScriptCaches (1ms)
			RebuildScriptCaches (40ms)
			SetupLoadedEditorAssemblies (293ms)
				LogAssemblyErrors (0ms)
				InitializePlatformSupportModulesInManaged (5ms)
				SetLoadedEditorAssemblies (0ms)
				RefreshPlugins (1ms)
				BeforeProcessingInitializeOnLoad (55ms)
				ProcessInitializeOnLoadAttributes (220ms)
				ProcessInitializeOnLoadMethodAttributes (5ms)
				AfterProcessingInitializeOnLoad (7ms)
				EditorAssembliesLoaded (0ms)
			ExecutionOrderSort2 (0ms)
			AwakeInstancesAfterBackupRestoration (12ms)
Platform modules already initialized, skipping
Refreshing native plugins compatible for Editor in 0.69 ms, found 3 plugins.
Preloading 0 native plugins for Editor in 0.00 ms.
Unloading 3055 Unused Serialized files (Serialized files now loaded: 0)
System memory in use before: 251.3 MB.
System memory in use after: 251.3 MB.

Unloading 20 unused Assets to reduce memory usage. Loaded Objects now: 3647.
Total: 2.501300 ms (FindLiveObjects: 0.256800 ms CreateObjectMapping: 0.148400 ms MarkObjects: 1.920900 ms  DeleteObjects: 0.174600 ms)

AssetImportParameters requested are different than current active one (requested -> active):
  custom:framework-win-MediaFoundation: 216162199b28c13a410421893ffa2e32 -> 
  custom:video-decoder-ogg-theora: a1e56fd34408186e4bbccfd4996cb3dc -> 
  custom:container-muxer-webm: aa71ff27fc2769a1b78a27578f13a17b -> 
  custom:container-demuxer-webm: 4f35f7cbe854078d1ac9338744f61a02 -> 
  custom:container-demuxer-ogg: 62fdf1f143b41e24485cea50d1cbac27 -> 
  custom:video-encoder-webm-vp8: eb34c28f22e8b96e1ab97ce403110664 -> 
  custom:video-decoder-webm-vp8: 9c59270c3fd7afecdb556c50c9e8de78 -> 
  custom:audio-decoder-ogg-vorbis: bf7c407c2cedff20999df2af8eb42d56 -> 
  custom:audio-encoder-webm-vorbis: bf7c407c2cedff20999df2af8eb42d56 -> 
========================================================================
Received Prepare
Registering precompiled user dll's ...
Registered in 0.009964 seconds.
Begin MonoManager ReloadAssembly
Symbol file LoadedFromMemory doesn't match image C:\Users\xavie\Documents\GitHub\BOUCHARD_XAVIER_TP2-Tower_Defense\Library\PackageCache\com.unity.visualscripting@1.6.1\Editor\VisualScripting.Core\Dependencies\YamlDotNet\Unity.VisualScripting.YamlDotNet.dll
Symbol file LoadedFromMemory doesn't match image C:\Users\xavie\Documents\GitHub\BOUCHARD_XAVIER_TP2-Tower_Defense\Library\PackageCache\com.unity.visualscripting@1.6.1\Editor\VisualScripting.Core\Dependencies\DotNetZip\Unity.VisualScripting.IonicZip.dll
Native extension for WindowsStandalone target not found
Refreshing native plugins compatible for Editor in 0.70 ms, found 3 plugins.
Preloading 0 native plugins for Editor in 0.00 ms.
Mono: successfully reloaded assembly
- Completed reload, in  1.083 seconds
Domain Reload Profiling:
	ReloadAssembly (1083ms)
		BeginReloadAssembly (109ms)
			ExecutionOrderSort (0ms)
			DisableScriptedObjects (8ms)
			BackupInstance (0ms)
			ReleaseScriptingObjects (0ms)
			CreateAndSetChildDomain (31ms)
		EndReloadAssembly (910ms)
			LoadAssemblies (99ms)
			RebuildTransferFunctionScriptingTraits (0ms)
			SetupTypeCache (354ms)
			ReleaseScriptCaches (1ms)
			RebuildScriptCaches (37ms)
			SetupLoadedEditorAssemblies (315ms)
				LogAssemblyErrors (0ms)
				InitializePlatformSupportModulesInManaged (5ms)
				SetLoadedEditorAssemblies (0ms)
				RefreshPlugins (1ms)
				BeforeProcessingInitializeOnLoad (58ms)
				ProcessInitializeOnLoadAttributes (238ms)
				ProcessInitializeOnLoadMethodAttributes (5ms)
				AfterProcessingInitializeOnLoad (7ms)
				EditorAssembliesLoaded (0ms)
			ExecutionOrderSort2 (0ms)
			AwakeInstancesAfterBackupRestoration (13ms)
Platform modules already initialized, skipping
Refreshing native plugins compatible for Editor in 0.73 ms, found 3 plugins.
Preloading 0 native plugins for Editor in 0.00 ms.
Unloading 3055 Unused Serialized files (Serialized files now loaded: 0)
System memory in use before: 251.3 MB.
System memory in use after: 251.3 MB.

Unloading 18 unused Assets to reduce memory usage. Loaded Objects now: 3650.
Total: 2.917700 ms (FindLiveObjects: 0.352700 ms CreateObjectMapping: 0.128100 ms MarkObjects: 2.214600 ms  DeleteObjects: 0.221500 ms)

AssetImportParameters requested are different than current active one (requested -> active):
  custom:framework-win-MediaFoundation: 216162199b28c13a410421893ffa2e32 -> 
  custom:video-decoder-ogg-theora: a1e56fd34408186e4bbccfd4996cb3dc -> 
  custom:container-muxer-webm: aa71ff27fc2769a1b78a27578f13a17b -> 
  custom:container-demuxer-webm: 4f35f7cbe854078d1ac9338744f61a02 -> 
  custom:container-demuxer-ogg: 62fdf1f143b41e24485cea50d1cbac27 -> 
  custom:video-encoder-webm-vp8: eb34c28f22e8b96e1ab97ce403110664 -> 
  custom:video-decoder-webm-vp8: 9c59270c3fd7afecdb556c50c9e8de78 -> 
  custom:audio-decoder-ogg-vorbis: bf7c407c2cedff20999df2af8eb42d56 -> 
  custom:audio-encoder-webm-vorbis: bf7c407c2cedff20999df2af8eb42d56 -> 
AssetImportWorkerClient::OnTransportError - code=2 error=End of file
